  C++Stu.cpp
D:\C++Projects\C++Stu\C++Stu.cpp(27,12): error C2143: 语法错误: 缺少“]”(在“常数”的前面)
D:\C++Projects\C++Stu\C++Stu.cpp(27,12): error C3260: “常数”: 跳过 lambda 主体之前的意外标记
D:\C++Projects\C++Stu\C++Stu.cpp(30,1): fatal error C1903: 无法从以前的错误中恢复；正在停止编译
